<?xml version="1.0" encoding="utf-8"?><testsuites name="pytest tests"><testsuite name="pytest" errors="0" failures="0" skipped="0" tests="3" time="1.932" timestamp="2026-08-22T10:51:12.083934+00:00" hostname="agent-env-29060f17-e515-46fb-b2ac-9278f0d297af"><testcase classname="tests.backend_test" name="test_admin_auth_cookie_me_logout" time="0.557" /><testcase classname="tests.backend_test" name="test_register_post_feed_persistence_and_student_teacher_block" time="0.559" /><testcase classname="tests.backend_test" name="test_public_sections_and_invalid_login" time="0.349" /></testsuite></testsuites>