<?xml version="1.0" encoding="utf-8"?><testsuites name="pytest tests"><testsuite name="pytest" errors="0" failures="0" skipped="0" tests="4" time="1.977" timestamp="2026-08-22T10:51:34.922552+00:00" hostname="agent-env-29060f17-e515-46fb-b2ac-9278f0d297af"><testcase classname="tests.test_community_features" name="test_profile_room_reply_reaction_and_discovery" time="1.224" /><testcase classname="tests.backend_test" name="test_admin_auth_cookie_me_logout" time="0.678" /><testcase classname="tests.backend_test" name="test_register_post_feed_persistence_and_student_teacher_block" time="0.500" /><testcase classname="tests.backend_test" name="test_public_sections_and_invalid_login" time="0.292" /></testsuite></testsuites>