<?xml version="1.0" encoding="utf-8"?><testsuites name="pytest tests"><testsuite name="pytest" errors="0" failures="0" skipped="0" tests="3" time="2.150" timestamp="2026-08-22T10:41:40.984159+00:00" hostname="agent-env-29060f17-e515-46fb-b2ac-9278f0d297af"><testcase classname="tests.backend_test" name="test_admin_auth_cookie_me_logout" time="0.625" /><testcase classname="tests.backend_test" name="test_register_post_feed_persistence_and_student_teacher_block" time="0.467" /><testcase classname="tests.backend_test" name="test_public_sections_and_invalid_login" time="0.294" /></testsuite></testsuites>