<?xml version="1.0" encoding="utf-8"?><testsuites name="pytest tests"><testsuite name="pytest" errors="0" failures="0" skipped="0" tests="16" time="3.642" timestamp="2026-08-22T14:25:00.141438+00:00" hostname="agent-env-29060f17-e515-46fb-b2ac-9278f0d297af"><testcase classname="tests.test_stories_reactions.TestStoryReactions" name="test_create_story_appears_in_grouped_feed" time="1.064" /><testcase classname="tests.test_stories_reactions.TestFeedLikesComments" name="test_like_toggle" time="1.526" /><testcase classname="tests.test_stories_reactions.TestStoryReactions" name="test_react_add_toggle_and_switch" time="0.350" /><testcase classname="tests.test_stories_reactions.TestFeedLikesComments" name="test_like_unauth_and_404" time="0.314" /><testcase classname="tests.test_stories_reactions.TestStoryReactions" name="test_two_users_same_emoji_accumulate" time="0.494" /><testcase classname="tests.test_stories_reactions.TestFeedLikesComments" name="test_comments_create_list_and_count" time="0.319" /><testcase classname="tests.test_stories_reactions.TestStoryReactions" name="test_invalid_emoji_400" time="0.068" /><testcase classname="tests.test_stories_reactions.TestStoryReactions" name="test_unauthenticated_401" time="0.219" /><testcase classname="tests.test_stories_reactions.TestFeedLikesComments" name="test_comment_validation" time="0.416" /><testcase classname="tests.test_stories_reactions.TestStoryReactions" name="test_unknown_story_404" time="0.059" /><testcase classname="tests.test_stories_reactions.TestStoryReactions" name="test_missing_emoji_field_422" time="0.060" /><testcase classname="tests.test_stories_reactions.TestStoryReactions" name="test_create_story_requires_auth" time="0.128" /><testcase classname="tests.test_stories_reactions.TestDiscover" name="test_discover_shape" time="0.106" /><testcase classname="tests.test_stories_reactions.TestDiscover" name="test_discover_search_filters" time="0.157" /><testcase classname="tests.test_stories_reactions.TestTrendingDirectory" name="test_trending_returns_ranked_users_with_activity" time="0.344" /><testcase classname="tests.test_stories_reactions.TestTrendingDirectory" name="test_trending_public_access" time="0.124" /></testsuite></testsuites>